1675537852436	geckodriver	INFO	Listening on 127.0.0.1:50624
1675537852943	mozrunner::runner	INFO	Running command: "/Applications/Firefox.app/Contents/MacOS/firefox-bin" "--marionette" "--remote-debugging-port" "50625" "--r ... s" "localhost" "-foreground" "-no-remote" "-profile" "/var/folders/3j/jqt2f5xn2vndpcq5yrn12flh0000gn/T/rust_mozprofileH1OUPh"
1675537853637	Marionette	INFO	Marionette enabled
2023-02-04 14:10:53.697 plugin-container[33883:1399270] nil host used in call to allowsSpecificHTTPSCertificateForHost
2023-02-04 14:10:53.698 plugin-container[33883:1399270] nil host used in call to allowsAnyHTTPSCertificateForHost:
2023-02-04 14:10:53.730 plugin-container[33883:1399270] nil host used in call to allowsSpecificHTTPSCertificateForHost
2023-02-04 14:10:53.730 plugin-container[33883:1399270] nil host used in call to allowsAnyHTTPSCertificateForHost:
2023-02-04 14:10:53.731 plugin-container[33883:1399325] nil host used in call to allowsSpecificHTTPSCertificateForHost
2023-02-04 14:10:53.731 plugin-container[33883:1399325] nil host used in call to allowsAnyHTTPSCertificateForHost:
1675537853857	Marionette	INFO	Listening on port 50642
Read port: 50642
WebDriver BiDi listening on ws://127.0.0.1:50625
1675537854000	RemoteAgent	WARN	TLS certificate errors will be ignored for this session
console.warn: SearchSettings: "get: No settings file exists, new profile?" (new NotFoundError("Could not open the file at /var/folders/3j/jqt2f5xn2vndpcq5yrn12flh0000gn/T/rust_mozprofileH1OUPh/search.json.mozlz4", (void 0)))
DevTools listening on ws://127.0.0.1:50625/devtools/browser/4509ef02-ba3a-4852-b811-502f95c14e3b
1675537859716	Marionette	INFO	Stopped listening on port 50642
JavaScript error: resource://services-settings/Utils.jsm, line 240: TypeError: NetworkError: Network request failed
1675537882950	geckodriver	INFO	Listening on 127.0.0.1:50696
1675537883467	mozrunner::runner	INFO	Running command: "/Applications/Firefox.app/Contents/MacOS/firefox-bin" "--marionette" "--remote-debugging-port" "50697" "--r ... s" "localhost" "-foreground" "-no-remote" "-profile" "/var/folders/3j/jqt2f5xn2vndpcq5yrn12flh0000gn/T/rust_mozprofileiNIpqO"
2023-02-04 14:11:23.997 plugin-container[33938:1400088] nil host used in call to allowsSpecificHTTPSCertificateForHost
2023-02-04 14:11:23.998 plugin-container[33938:1400088] nil host used in call to allowsAnyHTTPSCertificateForHost:
2023-02-04 14:11:24.000 plugin-container[33938:1400088] nil host used in call to allowsSpecificHTTPSCertificateForHost
2023-02-04 14:11:24.000 plugin-container[33938:1400088] nil host used in call to allowsAnyHTTPSCertificateForHost:
2023-02-04 14:11:24.001 plugin-container[33938:1400094] nil host used in call to allowsSpecificHTTPSCertificateForHost
2023-02-04 14:11:24.001 plugin-container[33938:1400094] nil host used in call to allowsAnyHTTPSCertificateForHost:
1675537884027	Marionette	INFO	Marionette enabled
1675537884239	Marionette	INFO	Listening on port 50704
Read port: 50704
WebDriver BiDi listening on ws://127.0.0.1:50697
1675537884375	RemoteAgent	WARN	TLS certificate errors will be ignored for this session
console.warn: SearchSettings: "get: No settings file exists, new profile?" (new NotFoundError("Could not open the file at /var/folders/3j/jqt2f5xn2vndpcq5yrn12flh0000gn/T/rust_mozprofileiNIpqO/search.json.mozlz4", (void 0)))
DevTools listening on ws://127.0.0.1:50697/devtools/browser/5fd764b5-65ae-44e1-bb91-47aef8e5a59c
1675538278715	geckodriver	INFO	Listening on 127.0.0.1:50851
1675538279224	mozrunner::runner	INFO	Running command: "/Applications/Firefox.app/Contents/MacOS/firefox-bin" "--marionette" "--remote-debugging-port" "50852" "--r ... s" "localhost" "-foreground" "-no-remote" "-profile" "/var/folders/3j/jqt2f5xn2vndpcq5yrn12flh0000gn/T/rust_mozprofilexSptoO"
2023-02-04 14:17:59.637 plugin-container[34332:1404699] nil host used in call to allowsSpecificHTTPSCertificateForHost
2023-02-04 14:17:59.637 plugin-container[34332:1404699] nil host used in call to allowsAnyHTTPSCertificateForHost:
2023-02-04 14:17:59.640 plugin-container[34332:1404699] nil host used in call to allowsSpecificHTTPSCertificateForHost
2023-02-04 14:17:59.640 plugin-container[34332:1404699] nil host used in call to allowsAnyHTTPSCertificateForHost:
2023-02-04 14:17:59.640 plugin-container[34332:1404706] nil host used in call to allowsSpecificHTTPSCertificateForHost
2023-02-04 14:17:59.640 plugin-container[34332:1404706] nil host used in call to allowsAnyHTTPSCertificateForHost:
1675538279671	Marionette	INFO	Marionette enabled
1675538279720	Marionette	INFO	Listening on port 50867
Read port: 50867
WebDriver BiDi listening on ws://127.0.0.1:50852
1675538280080	RemoteAgent	WARN	TLS certificate errors will be ignored for this session
console.warn: SearchSettings: "get: No settings file exists, new profile?" (new NotFoundError("Could not open the file at /var/folders/3j/jqt2f5xn2vndpcq5yrn12flh0000gn/T/rust_mozprofilexSptoO/search.json.mozlz4", (void 0)))
DevTools listening on ws://127.0.0.1:50852/devtools/browser/9439ee06-9fe4-4bf6-9bbc-f5177759dd94
JavaScript error: resource://gre/modules/URIFixup.sys.mjs, line 302: NS_ERROR_FAILURE: Should pass a non-null uri
1675539371577	Marionette	INFO	Stopped listening on port 50704
console.warn: TopSitesFeed: Failed to fetch data from Contile server: NetworkError when attempting to fetch resource.
1675539373769	Marionette	INFO	Stopped listening on port 50867
console.warn: TopSitesFeed: Failed to fetch data from Contile server: NetworkError when attempting to fetch resource.
